Determining if the pthread_create exist failed with the following output:
Change Dir: /home/idea/Documents/CppLinux/003_Ctrl_C_EventThread/build/CMakeFiles/CMakeTmp

Run Build Command:"/usr/bin/make" "cmTC_144d4/fast"
/usr/bin/make -f CMakeFiles/cmTC_144d4.dir/build.make CMakeFiles/cmTC_144d4.dir/build
make[1]: Entering directory '/home/idea/Documents/CppLinux/003_Ctrl_C_EventThread/build/CMakeFiles/CMakeTmp'
Building C object CMakeFiles/cmTC_144d4.dir/CheckSymbolExists.c.o
/usr/bin/cc    -o CMakeFiles/cmTC_144d4.dir/CheckSymbolExists.c.o   -c /home/idea/Documents/CppLinux/003_Ctrl_C_EventThread/build/CMakeFiles/CMakeTmp/CheckSymbolExists.c
Linking C executable cmTC_144d4
/usr/bin/cmake -E cmake_link_script CMakeFiles/cmTC_144d4.dir/link.txt --verbose=1
/usr/bin/cc      -rdynamic CMakeFiles/cmTC_144d4.dir/CheckSymbolExists.c.o  -o cmTC_144d4 
CMakeFiles/cmTC_144d4.dir/CheckSymbolExists.c.o: In function `main':
CheckSymbolExists.c:(.text+0x1b): undefined reference to `pthread_create'
collect2: error: ld returned 1 exit status
CMakeFiles/cmTC_144d4.dir/build.make:97: recipe for target 'cmTC_144d4' failed
make[1]: *** [cmTC_144d4] Error 1
make[1]: Leaving directory '/home/idea/Documents/CppLinux/003_Ctrl_C_EventThread/build/CMakeFiles/CMakeTmp'
Makefile:126: recipe for target 'cmTC_144d4/fast' failed
make: *** [cmTC_144d4/fast] Error 2

File /home/idea/Documents/CppLinux/003_Ctrl_C_EventThread/build/CMakeFiles/CMakeTmp/CheckSymbolExists.c:
/* */
#include <pthread.h>

int main(int argc, char** argv)
{
  (void)argv;
#ifndef pthread_create
  return ((int*)(&pthread_create))[argc];
#else
  (void)argc;
  return 0;
#endif
}

Determining if the function pthread_create exists in the pthreads failed with the following output:
Change Dir: /home/idea/Documents/CppLinux/003_Ctrl_C_EventThread/build/CMakeFiles/CMakeTmp

Run Build Command:"/usr/bin/make" "cmTC_a001c/fast"
/usr/bin/make -f CMakeFiles/cmTC_a001c.dir/build.make CMakeFiles/cmTC_a001c.dir/build
make[1]: Entering directory '/home/idea/Documents/CppLinux/003_Ctrl_C_EventThread/build/CMakeFiles/CMakeTmp'
Building C object CMakeFiles/cmTC_a001c.dir/CheckFunctionExists.c.o
/usr/bin/cc   -DCHECK_FUNCTION_EXISTS=pthread_create   -o CMakeFiles/cmTC_a001c.dir/CheckFunctionExists.c.o   -c /usr/share/cmake-3.10/Modules/CheckFunctionExists.c
Linking C executable cmTC_a001c
/usr/bin/cmake -E cmake_link_script CMakeFiles/cmTC_a001c.dir/link.txt --verbose=1
/usr/bin/cc  -DCHECK_FUNCTION_EXISTS=pthread_create    -rdynamic CMakeFiles/cmTC_a001c.dir/CheckFunctionExists.c.o  -o cmTC_a001c -lpthreads 
/usr/bin/ld: cannot find -lpthreads
collect2: error: ld returned 1 exit status
CMakeFiles/cmTC_a001c.dir/build.make:97: recipe for target 'cmTC_a001c' failed
make[1]: *** [cmTC_a001c] Error 1
make[1]: Leaving directory '/home/idea/Documents/CppLinux/003_Ctrl_C_EventThread/build/CMakeFiles/CMakeTmp'
Makefile:126: recipe for target 'cmTC_a001c/fast' failed
make: *** [cmTC_a001c/fast] Error 2


