Determining if the pthread_create exist failed with the following output:
Change Dir: /home/idea/Documents/Code/Cpp/002_RosSendMapPixelTcp/buid/CMakeFiles/CMakeTmp

Run Build Command:"/usr/bin/make" "cmTC_33172/fast"
/usr/bin/make -f CMakeFiles/cmTC_33172.dir/build.make CMakeFiles/cmTC_33172.dir/build
make[1]: Entering directory '/home/idea/Documents/Code/Cpp/002_RosSendMapPixelTcp/buid/CMakeFiles/CMakeTmp'
Building C object CMakeFiles/cmTC_33172.dir/CheckSymbolExists.c.o
/usr/bin/cc    -o CMakeFiles/cmTC_33172.dir/CheckSymbolExists.c.o   -c /home/idea/Documents/Code/Cpp/002_RosSendMapPixelTcp/buid/CMakeFiles/CMakeTmp/CheckSymbolExists.c
Linking C executable cmTC_33172
/usr/bin/cmake -E cmake_link_script CMakeFiles/cmTC_33172.dir/link.txt --verbose=1
/usr/bin/cc      -rdynamic CMakeFiles/cmTC_33172.dir/CheckSymbolExists.c.o  -o cmTC_33172 
CMakeFiles/cmTC_33172.dir/CheckSymbolExists.c.o: In function `main':
CheckSymbolExists.c:(.text+0x1b): undefined reference to `pthread_create'
collect2: error: ld returned 1 exit status
CMakeFiles/cmTC_33172.dir/build.make:97: recipe for target 'cmTC_33172' failed
make[1]: *** [cmTC_33172] Error 1
make[1]: Leaving directory '/home/idea/Documents/Code/Cpp/002_RosSendMapPixelTcp/buid/CMakeFiles/CMakeTmp'
Makefile:126: recipe for target 'cmTC_33172/fast' failed
make: *** [cmTC_33172/fast] Error 2

File /home/idea/Documents/Code/Cpp/002_RosSendMapPixelTcp/buid/CMakeFiles/CMakeTmp/CheckSymbolExists.c:
/* */
#include <pthread.h>

int main(int argc, char** argv)
{
  (void)argv;
#ifndef pthread_create
  return ((int*)(&pthread_create))[argc];
#else
  (void)argc;
  return 0;
#endif
}

Determining if the function pthread_create exists in the pthreads failed with the following output:
Change Dir: /home/idea/Documents/Code/Cpp/002_RosSendMapPixelTcp/buid/CMakeFiles/CMakeTmp

Run Build Command:"/usr/bin/make" "cmTC_aaf1c/fast"
/usr/bin/make -f CMakeFiles/cmTC_aaf1c.dir/build.make CMakeFiles/cmTC_aaf1c.dir/build
make[1]: Entering directory '/home/idea/Documents/Code/Cpp/002_RosSendMapPixelTcp/buid/CMakeFiles/CMakeTmp'
Building C object CMakeFiles/cmTC_aaf1c.dir/CheckFunctionExists.c.o
/usr/bin/cc   -DCHECK_FUNCTION_EXISTS=pthread_create   -o CMakeFiles/cmTC_aaf1c.dir/CheckFunctionExists.c.o   -c /usr/share/cmake-3.10/Modules/CheckFunctionExists.c
Linking C executable cmTC_aaf1c
/usr/bin/cmake -E cmake_link_script CMakeFiles/cmTC_aaf1c.dir/link.txt --verbose=1
/usr/bin/cc  -DCHECK_FUNCTION_EXISTS=pthread_create    -rdynamic CMakeFiles/cmTC_aaf1c.dir/CheckFunctionExists.c.o  -o cmTC_aaf1c -lpthreads 
/usr/bin/ld: cannot find -lpthreads
collect2: error: ld returned 1 exit status
CMakeFiles/cmTC_aaf1c.dir/build.make:97: recipe for target 'cmTC_aaf1c' failed
make[1]: *** [cmTC_aaf1c] Error 1
make[1]: Leaving directory '/home/idea/Documents/Code/Cpp/002_RosSendMapPixelTcp/buid/CMakeFiles/CMakeTmp'
Makefile:126: recipe for target 'cmTC_aaf1c/fast' failed
make: *** [cmTC_aaf1c/fast] Error 2


Determining if the pthread_create exist failed with the following output:
Change Dir: /home/idea/Documents/Code/Cpp/002_RosSendMapPixelTcp/buid/CMakeFiles/CMakeTmp

Run Build Command:"/usr/bin/make" "cmTC_9f23d/fast"
/usr/bin/make -f CMakeFiles/cmTC_9f23d.dir/build.make CMakeFiles/cmTC_9f23d.dir/build
make[1]: Entering directory '/home/idea/Documents/Code/Cpp/002_RosSendMapPixelTcp/buid/CMakeFiles/CMakeTmp'
Building C object CMakeFiles/cmTC_9f23d.dir/CheckSymbolExists.c.o
/usr/bin/cc    -o CMakeFiles/cmTC_9f23d.dir/CheckSymbolExists.c.o   -c /home/idea/Documents/Code/Cpp/002_RosSendMapPixelTcp/buid/CMakeFiles/CMakeTmp/CheckSymbolExists.c
Linking C executable cmTC_9f23d
/usr/bin/cmake -E cmake_link_script CMakeFiles/cmTC_9f23d.dir/link.txt --verbose=1
/usr/bin/cc      -rdynamic CMakeFiles/cmTC_9f23d.dir/CheckSymbolExists.c.o  -o cmTC_9f23d 
CMakeFiles/cmTC_9f23d.dir/CheckSymbolExists.c.o: In function `main':
CheckSymbolExists.c:(.text+0x1b): undefined reference to `pthread_create'
collect2: error: ld returned 1 exit status
CMakeFiles/cmTC_9f23d.dir/build.make:97: recipe for target 'cmTC_9f23d' failed
make[1]: *** [cmTC_9f23d] Error 1
make[1]: Leaving directory '/home/idea/Documents/Code/Cpp/002_RosSendMapPixelTcp/buid/CMakeFiles/CMakeTmp'
Makefile:126: recipe for target 'cmTC_9f23d/fast' failed
make: *** [cmTC_9f23d/fast] Error 2

File /home/idea/Documents/Code/Cpp/002_RosSendMapPixelTcp/buid/CMakeFiles/CMakeTmp/CheckSymbolExists.c:
/* */
#include <pthread.h>

int main(int argc, char** argv)
{
  (void)argv;
#ifndef pthread_create
  return ((int*)(&pthread_create))[argc];
#else
  (void)argc;
  return 0;
#endif
}

Determining if the function pthread_create exists in the pthreads failed with the following output:
Change Dir: /home/idea/Documents/Code/Cpp/002_RosSendMapPixelTcp/buid/CMakeFiles/CMakeTmp

Run Build Command:"/usr/bin/make" "cmTC_a3861/fast"
/usr/bin/make -f CMakeFiles/cmTC_a3861.dir/build.make CMakeFiles/cmTC_a3861.dir/build
make[1]: Entering directory '/home/idea/Documents/Code/Cpp/002_RosSendMapPixelTcp/buid/CMakeFiles/CMakeTmp'
Building C object CMakeFiles/cmTC_a3861.dir/CheckFunctionExists.c.o
/usr/bin/cc   -DCHECK_FUNCTION_EXISTS=pthread_create   -o CMakeFiles/cmTC_a3861.dir/CheckFunctionExists.c.o   -c /usr/share/cmake-3.10/Modules/CheckFunctionExists.c
Linking C executable cmTC_a3861
/usr/bin/cmake -E cmake_link_script CMakeFiles/cmTC_a3861.dir/link.txt --verbose=1
/usr/bin/cc  -DCHECK_FUNCTION_EXISTS=pthread_create    -rdynamic CMakeFiles/cmTC_a3861.dir/CheckFunctionExists.c.o  -o cmTC_a3861 -lpthreads 
/usr/bin/ld: cannot find -lpthreads
collect2: error: ld returned 1 exit status
CMakeFiles/cmTC_a3861.dir/build.make:97: recipe for target 'cmTC_a3861' failed
make[1]: *** [cmTC_a3861] Error 1
make[1]: Leaving directory '/home/idea/Documents/Code/Cpp/002_RosSendMapPixelTcp/buid/CMakeFiles/CMakeTmp'
Makefile:126: recipe for target 'cmTC_a3861/fast' failed
make: *** [cmTC_a3861/fast] Error 2


