Determining if the pthread_create exist failed with the following output:
Change Dir: /home/idea/Documents/Code/Cpp/000_Thread/build/CMakeFiles/CMakeTmp

Run Build Command:"/usr/bin/make" "cmTC_ea61d/fast"
make[1]: Entering directory '/home/idea/Documents/Code/Cpp/000_Thread/build/CMakeFiles/CMakeTmp'
/usr/bin/make -f CMakeFiles/cmTC_ea61d.dir/build.make CMakeFiles/cmTC_ea61d.dir/build
make[2]: Entering directory '/home/idea/Documents/Code/Cpp/000_Thread/build/CMakeFiles/CMakeTmp'
Building C object CMakeFiles/cmTC_ea61d.dir/CheckSymbolExists.c.o
/usr/bin/cc    -o CMakeFiles/cmTC_ea61d.dir/CheckSymbolExists.c.o   -c /home/idea/Documents/Code/Cpp/000_Thread/build/CMakeFiles/CMakeTmp/CheckSymbolExists.c
Linking C executable cmTC_ea61d
/usr/bin/cmake -E cmake_link_script CMakeFiles/cmTC_ea61d.dir/link.txt --verbose=1
/usr/bin/cc      -rdynamic CMakeFiles/cmTC_ea61d.dir/CheckSymbolExists.c.o  -o cmTC_ea61d 
CMakeFiles/cmTC_ea61d.dir/CheckSymbolExists.c.o: In function `main':
CheckSymbolExists.c:(.text+0x1b): undefined reference to `pthread_create'
collect2: error: ld returned 1 exit status
CMakeFiles/cmTC_ea61d.dir/build.make:97: recipe for target 'cmTC_ea61d' failed
make[2]: *** [cmTC_ea61d] Error 1
make[2]: Leaving directory '/home/idea/Documents/Code/Cpp/000_Thread/build/CMakeFiles/CMakeTmp'
Makefile:126: recipe for target 'cmTC_ea61d/fast' failed
make[1]: *** [cmTC_ea61d/fast] Error 2
make[1]: Leaving directory '/home/idea/Documents/Code/Cpp/000_Thread/build/CMakeFiles/CMakeTmp'

File /home/idea/Documents/Code/Cpp/000_Thread/build/CMakeFiles/CMakeTmp/CheckSymbolExists.c:
/* */
#include <pthread.h>

int main(int argc, char** argv)
{
  (void)argv;
#ifndef pthread_create
  return ((int*)(&pthread_create))[argc];
#else
  (void)argc;
  return 0;
#endif
}

Determining if the function pthread_create exists in the pthreads failed with the following output:
Change Dir: /home/idea/Documents/Code/Cpp/000_Thread/build/CMakeFiles/CMakeTmp

Run Build Command:"/usr/bin/make" "cmTC_27034/fast"
make[1]: Entering directory '/home/idea/Documents/Code/Cpp/000_Thread/build/CMakeFiles/CMakeTmp'
/usr/bin/make -f CMakeFiles/cmTC_27034.dir/build.make CMakeFiles/cmTC_27034.dir/build
make[2]: Entering directory '/home/idea/Documents/Code/Cpp/000_Thread/build/CMakeFiles/CMakeTmp'
Building C object CMakeFiles/cmTC_27034.dir/CheckFunctionExists.c.o
/usr/bin/cc   -DCHECK_FUNCTION_EXISTS=pthread_create   -o CMakeFiles/cmTC_27034.dir/CheckFunctionExists.c.o   -c /usr/share/cmake-3.10/Modules/CheckFunctionExists.c
Linking C executable cmTC_27034
/usr/bin/cmake -E cmake_link_script CMakeFiles/cmTC_27034.dir/link.txt --verbose=1
/usr/bin/cc  -DCHECK_FUNCTION_EXISTS=pthread_create    -rdynamic CMakeFiles/cmTC_27034.dir/CheckFunctionExists.c.o  -o cmTC_27034 -lpthreads 
/usr/bin/ld: cannot find -lpthreads
collect2: error: ld returned 1 exit status
CMakeFiles/cmTC_27034.dir/build.make:97: recipe for target 'cmTC_27034' failed
make[2]: *** [cmTC_27034] Error 1
make[2]: Leaving directory '/home/idea/Documents/Code/Cpp/000_Thread/build/CMakeFiles/CMakeTmp'
Makefile:126: recipe for target 'cmTC_27034/fast' failed
make[1]: *** [cmTC_27034/fast] Error 2
make[1]: Leaving directory '/home/idea/Documents/Code/Cpp/000_Thread/build/CMakeFiles/CMakeTmp'


Determining if the pthread_create exist failed with the following output:
Change Dir: /home/idea/Documents/CppLinux/000_Thread/build/CMakeFiles/CMakeTmp

Run Build Command:"/usr/bin/make" "cmTC_e1208/fast"
/usr/bin/make -f CMakeFiles/cmTC_e1208.dir/build.make CMakeFiles/cmTC_e1208.dir/build
make[1]: Entering directory '/home/idea/Documents/CppLinux/000_Thread/build/CMakeFiles/CMakeTmp'
Building C object CMakeFiles/cmTC_e1208.dir/CheckSymbolExists.c.o
/usr/bin/cc    -o CMakeFiles/cmTC_e1208.dir/CheckSymbolExists.c.o   -c /home/idea/Documents/CppLinux/000_Thread/build/CMakeFiles/CMakeTmp/CheckSymbolExists.c
Linking C executable cmTC_e1208
/usr/bin/cmake -E cmake_link_script CMakeFiles/cmTC_e1208.dir/link.txt --verbose=1
/usr/bin/cc      -rdynamic CMakeFiles/cmTC_e1208.dir/CheckSymbolExists.c.o  -o cmTC_e1208 
CMakeFiles/cmTC_e1208.dir/CheckSymbolExists.c.o: In function `main':
CheckSymbolExists.c:(.text+0x1b): undefined reference to `pthread_create'
collect2: error: ld returned 1 exit status
CMakeFiles/cmTC_e1208.dir/build.make:97: recipe for target 'cmTC_e1208' failed
make[1]: *** [cmTC_e1208] Error 1
make[1]: Leaving directory '/home/idea/Documents/CppLinux/000_Thread/build/CMakeFiles/CMakeTmp'
Makefile:126: recipe for target 'cmTC_e1208/fast' failed
make: *** [cmTC_e1208/fast] Error 2

File /home/idea/Documents/CppLinux/000_Thread/build/CMakeFiles/CMakeTmp/CheckSymbolExists.c:
/* */
#include <pthread.h>

int main(int argc, char** argv)
{
  (void)argv;
#ifndef pthread_create
  return ((int*)(&pthread_create))[argc];
#else
  (void)argc;
  return 0;
#endif
}

Determining if the function pthread_create exists in the pthreads failed with the following output:
Change Dir: /home/idea/Documents/CppLinux/000_Thread/build/CMakeFiles/CMakeTmp

Run Build Command:"/usr/bin/make" "cmTC_530ae/fast"
/usr/bin/make -f CMakeFiles/cmTC_530ae.dir/build.make CMakeFiles/cmTC_530ae.dir/build
make[1]: Entering directory '/home/idea/Documents/CppLinux/000_Thread/build/CMakeFiles/CMakeTmp'
Building C object CMakeFiles/cmTC_530ae.dir/CheckFunctionExists.c.o
/usr/bin/cc   -DCHECK_FUNCTION_EXISTS=pthread_create   -o CMakeFiles/cmTC_530ae.dir/CheckFunctionExists.c.o   -c /usr/share/cmake-3.10/Modules/CheckFunctionExists.c
Linking C executable cmTC_530ae
/usr/bin/cmake -E cmake_link_script CMakeFiles/cmTC_530ae.dir/link.txt --verbose=1
/usr/bin/cc  -DCHECK_FUNCTION_EXISTS=pthread_create    -rdynamic CMakeFiles/cmTC_530ae.dir/CheckFunctionExists.c.o  -o cmTC_530ae -lpthreads 
/usr/bin/ld: cannot find -lpthreads
collect2: error: ld returned 1 exit status
CMakeFiles/cmTC_530ae.dir/build.make:97: recipe for target 'cmTC_530ae' failed
make[1]: *** [cmTC_530ae] Error 1
make[1]: Leaving directory '/home/idea/Documents/CppLinux/000_Thread/build/CMakeFiles/CMakeTmp'
Makefile:126: recipe for target 'cmTC_530ae/fast' failed
make: *** [cmTC_530ae/fast] Error 2


