Determining if the pthread_create exist failed with the following output:
Change Dir: /home/idea/Documents/CppLinux/007_NodeReceivedManualControlTcp/build/CMakeFiles/CMakeTmp

Run Build Command:"/usr/bin/make" "cmTC_40ad2/fast"
/usr/bin/make -f CMakeFiles/cmTC_40ad2.dir/build.make CMakeFiles/cmTC_40ad2.dir/build
make[1]: Entering directory '/home/idea/Documents/CppLinux/007_NodeReceivedManualControlTcp/build/CMakeFiles/CMakeTmp'
Building C object CMakeFiles/cmTC_40ad2.dir/CheckSymbolExists.c.o
/usr/bin/cc    -o CMakeFiles/cmTC_40ad2.dir/CheckSymbolExists.c.o   -c /home/idea/Documents/CppLinux/007_NodeReceivedManualControlTcp/build/CMakeFiles/CMakeTmp/CheckSymbolExists.c
Linking C executable cmTC_40ad2
/usr/bin/cmake -E cmake_link_script CMakeFiles/cmTC_40ad2.dir/link.txt --verbose=1
/usr/bin/cc      -rdynamic CMakeFiles/cmTC_40ad2.dir/CheckSymbolExists.c.o  -o cmTC_40ad2 
CMakeFiles/cmTC_40ad2.dir/CheckSymbolExists.c.o: In function `main':
CheckSymbolExists.c:(.text+0x1b): undefined reference to `pthread_create'
collect2: error: ld returned 1 exit status
CMakeFiles/cmTC_40ad2.dir/build.make:97: recipe for target 'cmTC_40ad2' failed
make[1]: *** [cmTC_40ad2] Error 1
make[1]: Leaving directory '/home/idea/Documents/CppLinux/007_NodeReceivedManualControlTcp/build/CMakeFiles/CMakeTmp'
Makefile:126: recipe for target 'cmTC_40ad2/fast' failed
make: *** [cmTC_40ad2/fast] Error 2

File /home/idea/Documents/CppLinux/007_NodeReceivedManualControlTcp/build/CMakeFiles/CMakeTmp/CheckSymbolExists.c:
/* */
#include <pthread.h>

int main(int argc, char** argv)
{
  (void)argv;
#ifndef pthread_create
  return ((int*)(&pthread_create))[argc];
#else
  (void)argc;
  return 0;
#endif
}

Determining if the function pthread_create exists in the pthreads failed with the following output:
Change Dir: /home/idea/Documents/CppLinux/007_NodeReceivedManualControlTcp/build/CMakeFiles/CMakeTmp

Run Build Command:"/usr/bin/make" "cmTC_5f641/fast"
/usr/bin/make -f CMakeFiles/cmTC_5f641.dir/build.make CMakeFiles/cmTC_5f641.dir/build
make[1]: Entering directory '/home/idea/Documents/CppLinux/007_NodeReceivedManualControlTcp/build/CMakeFiles/CMakeTmp'
Building C object CMakeFiles/cmTC_5f641.dir/CheckFunctionExists.c.o
/usr/bin/cc   -DCHECK_FUNCTION_EXISTS=pthread_create   -o CMakeFiles/cmTC_5f641.dir/CheckFunctionExists.c.o   -c /usr/share/cmake-3.10/Modules/CheckFunctionExists.c
Linking C executable cmTC_5f641
/usr/bin/cmake -E cmake_link_script CMakeFiles/cmTC_5f641.dir/link.txt --verbose=1
/usr/bin/cc  -DCHECK_FUNCTION_EXISTS=pthread_create    -rdynamic CMakeFiles/cmTC_5f641.dir/CheckFunctionExists.c.o  -o cmTC_5f641 -lpthreads 
/usr/bin/ld: cannot find -lpthreads
collect2: error: ld returned 1 exit status
CMakeFiles/cmTC_5f641.dir/build.make:97: recipe for target 'cmTC_5f641' failed
make[1]: *** [cmTC_5f641] Error 1
make[1]: Leaving directory '/home/idea/Documents/CppLinux/007_NodeReceivedManualControlTcp/build/CMakeFiles/CMakeTmp'
Makefile:126: recipe for target 'cmTC_5f641/fast' failed
make: *** [cmTC_5f641/fast] Error 2


