Determining if the pthread_create exist failed with the following output:
Change Dir: /home/idea/Documents/CppLinux/005_Serial/build/CMakeFiles/CMakeTmp

Run Build Command:"/usr/bin/make" "cmTC_aa4b9/fast"
/usr/bin/make -f CMakeFiles/cmTC_aa4b9.dir/build.make CMakeFiles/cmTC_aa4b9.dir/build
make[1]: Entering directory '/home/idea/Documents/CppLinux/005_Serial/build/CMakeFiles/CMakeTmp'
Building C object CMakeFiles/cmTC_aa4b9.dir/CheckSymbolExists.c.o
/usr/bin/cc    -o CMakeFiles/cmTC_aa4b9.dir/CheckSymbolExists.c.o   -c /home/idea/Documents/CppLinux/005_Serial/build/CMakeFiles/CMakeTmp/CheckSymbolExists.c
Linking C executable cmTC_aa4b9
/usr/bin/cmake -E cmake_link_script CMakeFiles/cmTC_aa4b9.dir/link.txt --verbose=1
/usr/bin/cc      -rdynamic CMakeFiles/cmTC_aa4b9.dir/CheckSymbolExists.c.o  -o cmTC_aa4b9 
CMakeFiles/cmTC_aa4b9.dir/CheckSymbolExists.c.o: In function `main':
CheckSymbolExists.c:(.text+0x1b): undefined reference to `pthread_create'
collect2: error: ld returned 1 exit status
CMakeFiles/cmTC_aa4b9.dir/build.make:97: recipe for target 'cmTC_aa4b9' failed
make[1]: *** [cmTC_aa4b9] Error 1
make[1]: Leaving directory '/home/idea/Documents/CppLinux/005_Serial/build/CMakeFiles/CMakeTmp'
Makefile:126: recipe for target 'cmTC_aa4b9/fast' failed
make: *** [cmTC_aa4b9/fast] Error 2

File /home/idea/Documents/CppLinux/005_Serial/build/CMakeFiles/CMakeTmp/CheckSymbolExists.c:
/* */
#include <pthread.h>

int main(int argc, char** argv)
{
  (void)argv;
#ifndef pthread_create
  return ((int*)(&pthread_create))[argc];
#else
  (void)argc;
  return 0;
#endif
}

Determining if the function pthread_create exists in the pthreads failed with the following output:
Change Dir: /home/idea/Documents/CppLinux/005_Serial/build/CMakeFiles/CMakeTmp

Run Build Command:"/usr/bin/make" "cmTC_865a3/fast"
/usr/bin/make -f CMakeFiles/cmTC_865a3.dir/build.make CMakeFiles/cmTC_865a3.dir/build
make[1]: Entering directory '/home/idea/Documents/CppLinux/005_Serial/build/CMakeFiles/CMakeTmp'
Building C object CMakeFiles/cmTC_865a3.dir/CheckFunctionExists.c.o
/usr/bin/cc   -DCHECK_FUNCTION_EXISTS=pthread_create   -o CMakeFiles/cmTC_865a3.dir/CheckFunctionExists.c.o   -c /usr/share/cmake-3.10/Modules/CheckFunctionExists.c
Linking C executable cmTC_865a3
/usr/bin/cmake -E cmake_link_script CMakeFiles/cmTC_865a3.dir/link.txt --verbose=1
/usr/bin/cc  -DCHECK_FUNCTION_EXISTS=pthread_create    -rdynamic CMakeFiles/cmTC_865a3.dir/CheckFunctionExists.c.o  -o cmTC_865a3 -lpthreads 
/usr/bin/ld: cannot find -lpthreads
collect2: error: ld returned 1 exit status
CMakeFiles/cmTC_865a3.dir/build.make:97: recipe for target 'cmTC_865a3' failed
make[1]: *** [cmTC_865a3] Error 1
make[1]: Leaving directory '/home/idea/Documents/CppLinux/005_Serial/build/CMakeFiles/CMakeTmp'
Makefile:126: recipe for target 'cmTC_865a3/fast' failed
make: *** [cmTC_865a3/fast] Error 2


